<?xml version="1.0" encoding="UTF-8"?>
<testsuites>
  <testsuite name="blog" tests="3" assertions="14" errors="0" warnings="0" failures="0" skipped="0" time="0.008537">
    <testsuite name="TesteEquipamento" file="C:\xampp\htdocs\3Developers\testes\Modelo\TesteEquipamento.php" tests="1" assertions="4" errors="0" warnings="0" failures="0" skipped="0" time="0.003174">
      <testcase name="teste__construct" class="TesteEquipamento" classname="TesteEquipamento" file="C:\xampp\htdocs\3Developers\testes\Modelo\TesteEquipamento.php" line="9" assertions="4" time="0.003174"/>
    </testsuite>
    <testsuite name="TestePessoa" file="C:\xampp\htdocs\3Developers\testes\Modelo\TestePessoa.php" tests="1" assertions="7" errors="0" warnings="0" failures="0" skipped="0" time="0.003017">
      <testcase name="teste__construct" class="TestePessoa" classname="TestePessoa" file="C:\xampp\htdocs\3Developers\testes\Modelo\TestePessoa.php" line="9" assertions="7" time="0.003017"/>
    </testsuite>
    <testsuite name="TestePlano" file="C:\xampp\htdocs\3Developers\testes\Modelo\TestePlano.php" tests="1" assertions="3" errors="0" warnings="0" failures="0" skipped="0" time="0.002346">
      <testcase name="teste__construct" class="TestePlano" classname="TestePlano" file="C:\xampp\htdocs\3Developers\testes\Modelo\TestePlano.php" line="9" assertions="3" time="0.002346"/>
    </testsuite>
  </testsuite>
</testsuites>
